<?xml version="1.0" encoding="UTF-8"?>
<!-- Generated by org.testng.reporters.JUnitReportReporter -->
<testsuite hostname="sippy" failures="0" tests="1" name="testCases.TC01_AutomationTestcase_HomePage" time="9.965" errors="0" timestamp="2023-06-19T10:16:20 IST" skipped="0">
  <testcase classname="testCases.TC01_AutomationTestcase_HomePage" name="test_accountRegistration" time="9.965"/>
  <system-out/>
</testsuite> <!-- testCases.TC01_AutomationTestcase_HomePage -->
