<?xml version="1.0" encoding="UTF-8"?>
<!-- Generated by org.testng.reporters.JUnitReportReporter -->
<testsuite hostname="sippy" failures="0" tests="1" name="testCases.TC02_AutomationTestcase_LoginPage" time="8.845" errors="0" timestamp="2023-06-19T10:15:12 IST" skipped="0">
  <testcase classname="testCases.TC02_AutomationTestcase_LoginPage" name="test_accountLogin" time="8.845"/>
  <system-out/>
</testsuite> <!-- testCases.TC02_AutomationTestcase_LoginPage -->
